<?xml version="1.0" encoding="UTF-8"?>
<!-- Generated by org.testng.reporters.JUnitXMLReporter -->
<testsuite hostname="DESKTOP-FF5U5J9" ignored="0" name="Default test(failed)" tests="2" failures="0" timestamp="27 Nov 2018 14:20:14 GMT" time="0.216" errors="0">
  <testcase name="@BeforeClass setup" time="0.115" classname="tests.BaseTest">
    <failure type="java.lang.NoClassDefFoundError" message="org/apache/http/client/methods/HttpRequestBase">
      <![CDATA[java.lang.NoClassDefFoundError: org/apache/http/client/methods/HttpRequestBase
at tests.BaseTest.setup(BaseTest.java:22)
Caused by: java.lang.ClassNotFoundException: org.apache.http.client.methods.HttpRequestBase
at java.net.URLClassLoader.findClass(URLClassLoader.java:381)
at java.lang.ClassLoader.loadClass(ClassLoader.java:424)
at sun.misc.Launcher$AppClassLoader.loadClass(Launcher.java:335)
at java.lang.ClassLoader.loadClass(ClassLoader.java:357)
... 27 more
... Removed 26 stack frames]]>
    </failure>
  </testcase> <!-- @BeforeClass setup -->
  <testcase name="@AfterClass teardown" time="0.0" classname="tests.BaseTest">
    <skipped/>
  </testcase> <!-- @AfterClass teardown -->
  <testcase name="invalidLoginTest_InvalidUserNameInvalidPassword" time="0.0" classname="tests.LoginTests">
    <skipped/>
  </testcase> <!-- invalidLoginTest_InvalidUserNameInvalidPassword -->
  <testcase name="invalidLoginTest_EmptyUserEmptyPassword" time="0.0" classname="tests.LoginTests">
    <skipped/>
  </testcase> <!-- invalidLoginTest_EmptyUserEmptyPassword -->
</testsuite> <!-- Default test(failed) -->
