<?xml version="1.0" encoding="UTF-8"?>
<!-- Generated by org.testng.reporters.JUnitXMLReporter -->
<testsuite hostname="DESKTOP-FF5U5J9" ignored="0" name="LoginTest" tests="4" failures="1" timestamp="29 Nov 2018 14:51:14 GMT" time="55.775" errors="0">
  <testcase name="invalidLoginTest_InvalidUserNameInvalidPassword" time="7.574" classname="tests.LoginTests">
    <skipped/>
  </testcase> <!-- invalidLoginTest_InvalidUserNameInvalidPassword -->
  <testcase name="invalidLoginTest_InvalidUserNameInvalidPassword" time="7.617" classname="tests.LoginTests">
    <failure type="java.lang.AssertionError" message="expected [or favor, entre com um usuário e senha corretos. Note que ambos os campos diferenciam maiúsculas e minúsculas.] but found [Por favor, entre com um usuário e senha corretos. Note que ambos os campos diferenciam maiúsculas e minúsculas.]">
      <![CDATA[java.lang.AssertionError: expected [or favor, entre com um usuário e senha corretos. Note que ambos os campos diferenciam maiúsculas e minúsculas.] but found [Por favor, entre com um usuário e senha corretos. Note que ambos os campos diferenciam maiúsculas e minúsculas.]
at pages.LoginPage.verifyLoginPassword(LoginPage.java:39)
at tests.LoginTests.invalidLoginTest_InvalidUserNameInvalidPassword(LoginTests.java:50)
... Removed 31 stack frames]]>
    </failure>
  </testcase> <!-- invalidLoginTest_InvalidUserNameInvalidPassword -->
  <testcase name="validLoginTest_ValidUserNameValidPassword" time="11.81" classname="tests.LoginTests"/>
  <testcase name="verifyLink" time="6.728" classname="tests.LoginTests"/>
</testsuite> <!-- LoginTest -->
