<?xml version="1.0" encoding="UTF-8"?>
<testng-results skipped="1" failed="1" ignored="0" total="4" passed="2">
  <reporter-output>
  </reporter-output>
  <suite name="N11 Test Suite" duration-ms="55775" started-at="2018-11-29T14:50:19Z" finished-at="2018-11-29T14:51:14Z">
    <groups>
    </groups>
    <test name="LoginTest" duration-ms="55775" started-at="2018-11-29T14:50:19Z" finished-at="2018-11-29T14:51:14Z">
      <class name="tests.LoginTests">
        <test-method status="PASS" signature="setup()[pri:0, instance:tests.LoginTests@3e6fa38a]" name="setup" is-config="true" duration-ms="5552" started-at="2018-11-29T14:50:19Z" finished-at="2018-11-29T14:50:24Z">
          <reporter-output>
          </reporter-output>
        </test-method> <!-- setup -->
        <test-method status="SKIP" signature="invalidLoginTest_InvalidUserNameInvalidPassword()[pri:0, instance:tests.LoginTests@3e6fa38a]" name="invalidLoginTest_InvalidUserNameInvalidPassword" duration-ms="7574" started-at="2018-11-29T14:50:24Z" description="Cenário de login inválido com username e password errados." finished-at="2018-11-29T14:50:32Z">
          <exception class="java.lang.AssertionError">
            <message>
              <![CDATA[expected [or favor, entre com um usuário e senha corretos. Note que ambos os campos diferenciam maiúsculas e minúsculas.] but found [Por favor, entre com um usuário e senha corretos. Note que ambos os campos diferenciam maiúsculas e minúsculas.]]]>
            </message>
            <full-stacktrace>
              <![CDATA[java.lang.AssertionError: expected [or favor, entre com um usuário e senha corretos. Note que ambos os campos diferenciam maiúsculas e minúsculas.] but found [Por favor, entre com um usuário e senha corretos. Note que ambos os campos diferenciam maiúsculas e minúsculas.]
at org.testng.Assert.fail(Assert.java:96)
at org.testng.Assert.failNotEquals(Assert.java:776)
at org.testng.Assert.assertEqualsImpl(Assert.java:137)
at org.testng.Assert.assertEquals(Assert.java:118)
at org.testng.Assert.assertEquals(Assert.java:453)
at org.testng.Assert.assertEquals(Assert.java:463)
at pages.LoginPage.verifyLoginPassword(LoginPage.java:39)
at tests.LoginTests.invalidLoginTest_InvalidUserNameInvalidPassword(LoginTests.java:50)
at sun.reflect.NativeMethodAccessorImpl.invoke0(Native Method)
at sun.reflect.NativeMethodAccessorImpl.invoke(NativeMethodAccessorImpl.java:62)
at sun.reflect.DelegatingMethodAccessorImpl.invoke(DelegatingMethodAccessorImpl.java:43)
at java.lang.reflect.Method.invoke(Method.java:498)
at org.testng.internal.MethodInvocationHelper.invokeMethod(MethodInvocationHelper.java:124)
at org.testng.internal.Invoker.invokeMethod(Invoker.java:583)
at org.testng.internal.Invoker.invokeTestMethod(Invoker.java:719)
at org.testng.internal.Invoker.invokeTestMethods(Invoker.java:989)
at org.testng.internal.TestMethodWorker.invokeTestMethods(TestMethodWorker.java:125)
at org.testng.internal.TestMethodWorker.run(TestMethodWorker.java:109)
at org.testng.TestRunner.privateRun(TestRunner.java:648)
at org.testng.TestRunner.run(TestRunner.java:505)
at org.testng.SuiteRunner.runTest(SuiteRunner.java:455)
at org.testng.SuiteRunner.runSequentially(SuiteRunner.java:450)
at org.testng.SuiteRunner.privateRun(SuiteRunner.java:415)
at org.testng.SuiteRunner.run(SuiteRunner.java:364)
at org.testng.SuiteRunnerWorker.runSuite(SuiteRunnerWorker.java:52)
at org.testng.SuiteRunnerWorker.run(SuiteRunnerWorker.java:84)
at org.testng.TestNG.runSuitesSequentially(TestNG.java:1208)
at org.testng.TestNG.runSuitesLocally(TestNG.java:1137)
at org.testng.TestNG.runSuites(TestNG.java:1049)
at org.testng.TestNG.run(TestNG.java:1017)
at org.testng.remote.AbstractRemoteTestNG.run(AbstractRemoteTestNG.java:114)
at org.testng.remote.RemoteTestNG.initAndRun(RemoteTestNG.java:251)
at org.testng.remote.RemoteTestNG.main(RemoteTestNG.java:77)
]]>
            </full-stacktrace>
          </exception> <!-- java.lang.AssertionError -->
          <reporter-output>
          </reporter-output>
        </test-method> <!-- invalidLoginTest_InvalidUserNameInvalidPassword -->
        <test-method status="PASS" signature="teardown()[pri:0, instance:tests.LoginTests@3e6fa38a]" name="teardown" is-config="true" duration-ms="985" started-at="2018-11-29T14:50:32Z" finished-at="2018-11-29T14:50:33Z">
          <reporter-output>
          </reporter-output>
        </test-method> <!-- teardown -->
        <test-method status="PASS" signature="setup()[pri:0, instance:tests.LoginTests@3e6fa38a]" name="setup" is-config="true" duration-ms="3864" started-at="2018-11-29T14:50:33Z" finished-at="2018-11-29T14:50:37Z">
          <reporter-output>
          </reporter-output>
        </test-method> <!-- setup -->
        <test-method status="FAIL" signature="invalidLoginTest_InvalidUserNameInvalidPassword()[pri:0, instance:tests.LoginTests@3e6fa38a]" name="invalidLoginTest_InvalidUserNameInvalidPassword" duration-ms="7617" started-at="2018-11-29T14:50:37Z" description="Cenário de login inválido com username e password errados." finished-at="2018-11-29T14:50:45Z">
          <exception class="java.lang.AssertionError">
            <message>
              <![CDATA[expected [or favor, entre com um usuário e senha corretos. Note que ambos os campos diferenciam maiúsculas e minúsculas.] but found [Por favor, entre com um usuário e senha corretos. Note que ambos os campos diferenciam maiúsculas e minúsculas.]]]>
            </message>
            <full-stacktrace>
              <![CDATA[java.lang.AssertionError: expected [or favor, entre com um usuário e senha corretos. Note que ambos os campos diferenciam maiúsculas e minúsculas.] but found [Por favor, entre com um usuário e senha corretos. Note que ambos os campos diferenciam maiúsculas e minúsculas.]
at org.testng.Assert.fail(Assert.java:96)
at org.testng.Assert.failNotEquals(Assert.java:776)
at org.testng.Assert.assertEqualsImpl(Assert.java:137)
at org.testng.Assert.assertEquals(Assert.java:118)
at org.testng.Assert.assertEquals(Assert.java:453)
at org.testng.Assert.assertEquals(Assert.java:463)
at pages.LoginPage.verifyLoginPassword(LoginPage.java:39)
at tests.LoginTests.invalidLoginTest_InvalidUserNameInvalidPassword(LoginTests.java:50)
at sun.reflect.NativeMethodAccessorImpl.invoke0(Native Method)
at sun.reflect.NativeMethodAccessorImpl.invoke(NativeMethodAccessorImpl.java:62)
at sun.reflect.DelegatingMethodAccessorImpl.invoke(DelegatingMethodAccessorImpl.java:43)
at java.lang.reflect.Method.invoke(Method.java:498)
at org.testng.internal.MethodInvocationHelper.invokeMethod(MethodInvocationHelper.java:124)
at org.testng.internal.Invoker.invokeMethod(Invoker.java:583)
at org.testng.internal.Invoker.retryFailed(Invoker.java:839)
at org.testng.internal.Invoker.invokeTestMethods(Invoker.java:1010)
at org.testng.internal.TestMethodWorker.invokeTestMethods(TestMethodWorker.java:125)
at org.testng.internal.TestMethodWorker.run(TestMethodWorker.java:109)
at org.testng.TestRunner.privateRun(TestRunner.java:648)
at org.testng.TestRunner.run(TestRunner.java:505)
at org.testng.SuiteRunner.runTest(SuiteRunner.java:455)
at org.testng.SuiteRunner.runSequentially(SuiteRunner.java:450)
at org.testng.SuiteRunner.privateRun(SuiteRunner.java:415)
at org.testng.SuiteRunner.run(SuiteRunner.java:364)
at org.testng.SuiteRunnerWorker.runSuite(SuiteRunnerWorker.java:52)
at org.testng.SuiteRunnerWorker.run(SuiteRunnerWorker.java:84)
at org.testng.TestNG.runSuitesSequentially(TestNG.java:1208)
at org.testng.TestNG.runSuitesLocally(TestNG.java:1137)
at org.testng.TestNG.runSuites(TestNG.java:1049)
at org.testng.TestNG.run(TestNG.java:1017)
at org.testng.remote.AbstractRemoteTestNG.run(AbstractRemoteTestNG.java:114)
at org.testng.remote.RemoteTestNG.initAndRun(RemoteTestNG.java:251)
at org.testng.remote.RemoteTestNG.main(RemoteTestNG.java:77)
]]>
            </full-stacktrace>
          </exception> <!-- java.lang.AssertionError -->
          <reporter-output>
          </reporter-output>
        </test-method> <!-- invalidLoginTest_InvalidUserNameInvalidPassword -->
        <test-method status="PASS" signature="teardown()[pri:0, instance:tests.LoginTests@3e6fa38a]" name="teardown" is-config="true" duration-ms="939" started-at="2018-11-29T14:50:45Z" finished-at="2018-11-29T14:50:46Z">
          <reporter-output>
          </reporter-output>
        </test-method> <!-- teardown -->
        <test-method status="PASS" signature="setup()[pri:0, instance:tests.LoginTests@3e6fa38a]" name="setup" is-config="true" duration-ms="3875" started-at="2018-11-29T14:50:46Z" finished-at="2018-11-29T14:50:50Z">
          <reporter-output>
          </reporter-output>
        </test-method> <!-- setup -->
        <test-method status="PASS" signature="validLoginTest_ValidUserNameValidPassword()[pri:1, instance:tests.LoginTests@3e6fa38a]" name="validLoginTest_ValidUserNameValidPassword" duration-ms="11810" started-at="2018-11-29T14:50:50Z" description="Cenário de login Válido com username e password corretos." finished-at="2018-11-29T14:51:02Z">
          <reporter-output>
          </reporter-output>
        </test-method> <!-- validLoginTest_ValidUserNameValidPassword -->
        <test-method status="PASS" signature="teardown()[pri:0, instance:tests.LoginTests@3e6fa38a]" name="teardown" is-config="true" duration-ms="1060" started-at="2018-11-29T14:51:02Z" finished-at="2018-11-29T14:51:03Z">
          <reporter-output>
          </reporter-output>
        </test-method> <!-- teardown -->
        <test-method status="PASS" signature="setup()[pri:0, instance:tests.LoginTests@3e6fa38a]" name="setup" is-config="true" duration-ms="3836" started-at="2018-11-29T14:51:03Z" finished-at="2018-11-29T14:51:07Z">
          <reporter-output>
          </reporter-output>
        </test-method> <!-- setup -->
        <test-method status="PASS" signature="verifyLink()[pri:2, instance:tests.LoginTests@3e6fa38a]" name="verifyLink" duration-ms="6728" started-at="2018-11-29T14:51:07Z" description="Cenário de login inválido com username e password errados." finished-at="2018-11-29T14:51:13Z">
          <reporter-output>
          </reporter-output>
        </test-method> <!-- verifyLink -->
        <test-method status="PASS" signature="teardown()[pri:0, instance:tests.LoginTests@3e6fa38a]" name="teardown" is-config="true" duration-ms="1034" started-at="2018-11-29T14:51:13Z" finished-at="2018-11-29T14:51:14Z">
          <reporter-output>
          </reporter-output>
        </test-method> <!-- teardown -->
      </class> <!-- tests.LoginTests -->
    </test> <!-- LoginTest -->
  </suite> <!-- N11 Test Suite -->
</testng-results>
